<?xml version="1.0" encoding="UTF-8"?>
<!-- Generated by org.testng.reporters.JUnitReportReporter -->
<testsuite hostname="DESKTOP-2NB5M8O" name="application.TourTest" tests="9" failures="0" timestamp="30 Aug 2019 19:03:02 GMT" time="46.226" errors="0">
  <testcase name="bookTourwithoutConfirmEmailTest" time="3.467" classname="application.TourTest"/>
  <testcase name="bookTourwithInvalidEmailTest" time="3.485" classname="application.TourTest"/>
  <testcase name="bookTourSuccessfully" time="7.986" classname="application.TourTest"/>
  <testcase name="searchTourTest" time="11.500" classname="application.TourTest"/>
  <testcase name="bookTourwithoutLasttNameTest" time="4.483" classname="application.TourTest"/>
  <testcase name="reviewTour" time="1.859" classname="application.TourTest"/>
  <testcase name="bookTourwithWrongConfirmEmailTest" time="3.875" classname="application.TourTest"/>
  <testcase name="bookTourwithoutEmailTest" time="2.948" classname="application.TourTest"/>
  <testcase name="bookTourwithoutFirstNameTest" time="6.623" classname="application.TourTest"/>
</testsuite> <!-- application.TourTest -->
