<?xml version="1.0" encoding="UTF-8"?>
<!-- Generated by org.testng.reporters.JUnitReportReporter -->
<testsuite hostname="DESKTOP-2NB5M8O" name="application.TourTest" tests="4" failures="0" timestamp="30 Aug 2019 17:40:45 GMT" time="28.233" errors="0">
  <testcase name="bookTourwithoutFirstNameTest" time="6.877" classname="application.TourTest"/>
  <testcase name="bookTourwithouTEmail" time="3.962" classname="application.TourTest"/>
  <testcase name="bookTourwithoutLasttNameTest" time="4.941" classname="application.TourTest"/>
  <testcase name="searchTourTest" time="12.453" classname="application.TourTest"/>
</testsuite> <!-- application.TourTest -->
