<?xml version="1.0" encoding="UTF-8"?>
<!-- Generated by org.testng.reporters.JUnitReportReporter -->
<testsuite hostname="DESKTOP-2NB5M8O" name="application.HotelBookingTest" tests="3" failures="0" timestamp="29 Aug 2019 19:22:26 GMT" time="50.179" errors="0">
  <testcase name="bookHotel" time="4.875" classname="application.HotelBookingTest"/>
  <testcase name="searchHotel" time="40.958" classname="application.HotelBookingTest"/>
  <testcase name="selectHotel" time="4.346" classname="application.HotelBookingTest"/>
</testsuite> <!-- application.HotelBookingTest -->
