<?xml version="1.0" encoding="UTF-8"?>
<!-- Generated by org.testng.reporters.JUnitReportReporter -->
<testsuite hostname="DESKTOP-2NB5M8O" name="application.HotelBookingTest" tests="3" failures="0" timestamp="31 Aug 2019 09:46:42 GMT" time="52.598" errors="0">
  <testcase name="selectHotel" time="6.139" classname="application.HotelBookingTest"/>
  <testcase name="searchHotel" time="41.152" classname="application.HotelBookingTest"/>
  <testcase name="bookHotel" time="5.307" classname="application.HotelBookingTest"/>
</testsuite> <!-- application.HotelBookingTest -->
