<?xml version="1.0" encoding="UTF-8"?>
<!-- Generated by org.testng.reporters.JUnitReportReporter -->
<testsuite hostname="DESKTOP-2NB5M8O" name="application.HotelBookingTest" tests="3" failures="0" timestamp="31 Aug 2019 09:28:36 GMT" time="54.756" errors="0">
  <testcase name="searchHotel" time="44.520" classname="application.HotelBookingTest"/>
  <testcase name="selectHotel" time="5.141" classname="application.HotelBookingTest"/>
  <testcase name="bookHotel" time="5.095" classname="application.HotelBookingTest"/>
</testsuite> <!-- application.HotelBookingTest -->
