<?xml version="1.0" encoding="UTF-8"?>
<!-- Generated by org.testng.reporters.JUnitReportReporter -->
<testsuite hostname="DESKTOP-2NB5M8O" name="application.SignUpTest" tests="1" failures="0" timestamp="28 Aug 2019 18:59:34 GMT" time="28.068" errors="0">
  <testcase name="noInputTest" time="28.068" classname="application.SignUpTest"/>
</testsuite> <!-- application.SignUpTest -->
