<?xml version="1.0" encoding="UTF-8"?>
<!-- Generated by org.testng.reporters.JUnitReportReporter -->
<testsuite hostname="DESKTOP-2NB5M8O" name="application.TourTest" tests="9" failures="0" timestamp="31 Aug 2019 13:04:32 GMT" time="45.787" errors="0">
  <testcase name="bookTourSuccessfully" time="7.661" classname="application.TourTest"/>
  <testcase name="reviewTour" time="1.900" classname="application.TourTest"/>
  <testcase name="bookTourwithoutFirstNameTest" time="6.384" classname="application.TourTest"/>
  <testcase name="bookTourwithoutConfirmEmailTest" time="3.451" classname="application.TourTest"/>
  <testcase name="searchTourTest" time="10.855" classname="application.TourTest"/>
  <testcase name="bookTourwithWrongConfirmEmailTest" time="3.688" classname="application.TourTest"/>
  <testcase name="bookTourwithoutEmailTest" time="3.438" classname="application.TourTest"/>
  <testcase name="bookTourwithInvalidEmailTest" time="3.882" classname="application.TourTest"/>
  <testcase name="bookTourwithoutLasttNameTest" time="4.528" classname="application.TourTest"/>
</testsuite> <!-- application.TourTest -->
