<?xml version="1.0" encoding="UTF-8"?>
<!-- Generated by org.testng.reporters.JUnitReportReporter -->
<testsuite hostname="DESKTOP-2NB5M8O" name="application.SignInTest" tests="3" failures="0" timestamp="29 Aug 2019 16:20:12 GMT" time="5.461" errors="0">
  <testcase name="invalidEmailTest" time="1.742" classname="application.SignInTest"/>
  <testcase name="invalidPasswordTest" time="2.062" classname="application.SignInTest"/>
  <testcase name="validTest" time="1.657" classname="application.SignInTest"/>
</testsuite> <!-- application.SignInTest -->
