<?xml version="1.0" encoding="UTF-8"?>
<!-- Generated by org.testng.reporters.JUnitReportReporter -->
<testsuite hostname="DESKTOP-2NB5M8O" name="application.SignUpTest" tests="2" failures="0" timestamp="28 Aug 2019 18:04:27 GMT" time="38.741" errors="0">
  <testcase name="noFirstNameTest" time="24.762" classname="application.SignUpTest"/>
  <testcase name="noInputTest" time="13.979" classname="application.SignUpTest"/>
</testsuite> <!-- application.SignUpTest -->
