<?xml version="1.0" encoding="UTF-8"?>
<!-- Generated by org.testng.reporters.JUnitReportReporter -->
<testsuite hostname="DESKTOP-2NB5M8O" name="application.TourTest" tests="2" failures="0" timestamp="30 Aug 2019 16:54:07 GMT" time="13.392" errors="0">
  <testcase name="bookTour" time="1.933" classname="application.TourTest"/>
  <testcase name="searchTour" time="11.459" classname="application.TourTest"/>
</testsuite> <!-- application.TourTest -->
