<?xml version="1.0" encoding="UTF-8"?>
<!-- Generated by org.testng.reporters.JUnitReportReporter -->
<testsuite hostname="DESKTOP-2NB5M8O" name="application.TourTest" tests="7" failures="0" timestamp="30 Aug 2019 17:50:36 GMT" time="38.293" errors="0">
  <testcase name="bookTourwithoutLasttNameTest" time="3.440" classname="application.TourTest"/>
  <testcase name="bookTourwithoutFirstNameTest" time="7.365" classname="application.TourTest"/>
  <testcase name="bookTourSuccessfully" time="3.002" classname="application.TourTest"/>
  <testcase name="bookTourwithoutConfirmEmail" time="3.690" classname="application.TourTest"/>
  <testcase name="bookTourwithWrongConfirmEmail" time="5.265" classname="application.TourTest"/>
  <testcase name="searchTourTest" time="11.840" classname="application.TourTest"/>
  <testcase name="bookTourwithoutEmailTest" time="3.691" classname="application.TourTest"/>
</testsuite> <!-- application.TourTest -->
