<?xml version="1.0" encoding="UTF-8"?>
<!-- Generated by org.testng.reporters.JUnitReportReporter -->
<testsuite hostname="DESKTOP-2NB5M8O" name="application.TourTest" tests="2" failures="0" timestamp="30 Aug 2019 17:21:55 GMT" time="16.700" errors="0">
  <testcase name="bookTourwithoutFirstName" time="5.430" classname="application.TourTest"/>
  <testcase name="searchTour" time="11.270" classname="application.TourTest"/>
</testsuite> <!-- application.TourTest -->
