<?xml version="1.0" encoding="UTF-8"?>
<!-- Generated by org.testng.reporters.JUnitReportReporter -->
<testsuite hostname="DESKTOP-2NB5M8O" name="application.SignInTest" tests="1" failures="0" timestamp="29 Aug 2019 16:00:38 GMT" time="0.507" errors="0">
  <testcase name="invalidEmailTest" time="0.507" classname="application.SignInTest"/>
</testsuite> <!-- application.SignInTest -->
