<?xml version="1.0" encoding="UTF-8"?>
<!-- Generated by org.testng.reporters.JUnitReportReporter -->
<testsuite hostname="DESKTOP-2NB5M8O" name="application.SignInTest" tests="3" failures="0" timestamp="31 Aug 2019 13:04:32 GMT" time="5.379" errors="0">
  <testcase name="invalidEmailTest" time="1.584" classname="application.SignInTest"/>
  <testcase name="validTest" time="2.228" classname="application.SignInTest"/>
  <testcase name="invalidPasswordTest" time="1.567" classname="application.SignInTest"/>
</testsuite> <!-- application.SignInTest -->
