<?xml version="1.0" encoding="UTF-8"?>
<!-- Generated by org.testng.reporters.JUnitReportReporter -->
<testsuite hostname="DESKTOP-2NB5M8O" name="application.TourTest" tests="9" failures="0" timestamp="31 Aug 2019 09:41:09 GMT" time="60.350" errors="0">
  <testcase name="bookTourwithoutFirstNameTest" time="8.136" classname="application.TourTest"/>
  <testcase name="reviewTour" time="2.033" classname="application.TourTest"/>
  <testcase name="bookTourwithoutEmailTest" time="9.243" classname="application.TourTest"/>
  <testcase name="bookTourSuccessfully" time="9.301" classname="application.TourTest"/>
  <testcase name="bookTourwithWrongConfirmEmailTest" time="5.069" classname="application.TourTest"/>
  <testcase name="searchTourTest" time="11.369" classname="application.TourTest"/>
  <testcase name="bookTourwithInvalidEmailTest" time="4.676" classname="application.TourTest"/>
  <testcase name="bookTourwithoutConfirmEmailTest" time="5.117" classname="application.TourTest"/>
  <testcase name="bookTourwithoutLasttNameTest" time="5.406" classname="application.TourTest"/>
</testsuite> <!-- application.TourTest -->
