<?xml version="1.0" encoding="UTF-8"?>
<!-- Generated by org.testng.reporters.JUnitReportReporter -->
<testsuite hostname="DESKTOP-2NB5M8O" name="application.HotelBookingTest" tests="3" failures="0" timestamp="31 Aug 2019 09:41:09 GMT" time="53.221" errors="0">
  <testcase name="bookHotel" time="5.215" classname="application.HotelBookingTest"/>
  <testcase name="searchHotel" time="43.110" classname="application.HotelBookingTest"/>
  <testcase name="selectHotel" time="4.896" classname="application.HotelBookingTest"/>
</testsuite> <!-- application.HotelBookingTest -->
