<?xml version="1.0" encoding="UTF-8"?>
<!-- Generated by org.testng.reporters.JUnitReportReporter -->
<testsuite hostname="DESKTOP-2NB5M8O" name="application.SignUpTest" tests="10" failures="0" timestamp="31 Aug 2019 13:04:32 GMT" time="19.803" errors="0">
  <testcase name="noPasswordTest" time="2.110" classname="application.SignUpTest"/>
  <testcase name="noLastNameTest" time="2.014" classname="application.SignUpTest"/>
  <testcase name="noConfirmPasswordTest" time="1.927" classname="application.SignUpTest"/>
  <testcase name="noInputTest" time="1.449" classname="application.SignUpTest"/>
  <testcase name="passwordMismathwithConfirmPasswordTest" time="2.400" classname="application.SignUpTest"/>
  <testcase name="createAccountSuccessTest" time="1.859" classname="application.SignUpTest"/>
  <testcase name="noEmailTest" time="2.616" classname="application.SignUpTest"/>
  <testcase name="noFirstNameTest" time="2.068" classname="application.SignUpTest"/>
  <testcase name="invalidEmailTest" time="1.275" classname="application.SignUpTest"/>
  <testcase name="shortPasswordTest" time="2.085" classname="application.SignUpTest"/>
</testsuite> <!-- application.SignUpTest -->
