<?xml version="1.0" encoding="UTF-8"?>
<!-- Generated by org.testng.reporters.JUnitReportReporter -->
<testsuite hostname="DESKTOP-2NB5M8O" name="application.SignUpTest" tests="2" failures="0" timestamp="28 Aug 2019 18:05:23 GMT" time="31.338" errors="0">
  <testcase name="noFirstNameTest" time="16.824" classname="application.SignUpTest"/>
  <testcase name="noInputTest" time="14.514" classname="application.SignUpTest"/>
</testsuite> <!-- application.SignUpTest -->
