<?xml version="1.0" encoding="UTF-8"?>
<!-- Generated by org.testng.reporters.JUnitReportReporter -->
<testsuite hostname="DESKTOP-2NB5M8O" name="application.TourTest" tests="9" failures="0" timestamp="31 Aug 2019 12:40:31 GMT" time="83.690" errors="0">
  <testcase name="bookTourwithWrongConfirmEmailTest" time="3.971" classname="application.TourTest"/>
  <testcase name="bookTourwithoutConfirmEmailTest" time="3.645" classname="application.TourTest"/>
  <testcase name="bookTourSuccessfully" time="8.430" classname="application.TourTest"/>
  <testcase name="reviewTour" time="1.798" classname="application.TourTest"/>
  <testcase name="bookTourwithoutLasttNameTest" time="4.939" classname="application.TourTest"/>
  <testcase name="bookTourwithInvalidEmailTest" time="3.422" classname="application.TourTest"/>
  <testcase name="searchTourTest" time="28.409" classname="application.TourTest"/>
  <testcase name="bookTourwithoutFirstNameTest" time="25.437" classname="application.TourTest"/>
  <testcase name="bookTourwithoutEmailTest" time="3.639" classname="application.TourTest"/>
</testsuite> <!-- application.TourTest -->
