<?xml version="1.0" encoding="UTF-8"?>
<!-- Generated by org.testng.reporters.JUnitReportReporter -->
<testsuite hostname="DESKTOP-2NB5M8O" name="application.SignInTest" tests="3" failures="0" timestamp="31 Aug 2019 12:45:34 GMT" time="4.766" errors="0">
  <testcase name="invalidEmailTest" time="1.562" classname="application.SignInTest"/>
  <testcase name="invalidPasswordTest" time="1.672" classname="application.SignInTest"/>
  <testcase name="validTest" time="1.532" classname="application.SignInTest"/>
</testsuite> <!-- application.SignInTest -->
