<?xml version="1.0" encoding="UTF-8"?>
<!-- Generated by org.testng.reporters.JUnitReportReporter -->
<testsuite hostname="DESKTOP-2NB5M8O" name="application.TourTest" tests="9" failures="0" timestamp="31 Aug 2019 09:28:36 GMT" time="53.836" errors="0">
  <testcase name="searchTourTest" time="12.141" classname="application.TourTest"/>
  <testcase name="reviewTour" time="1.913" classname="application.TourTest"/>
  <testcase name="bookTourwithoutLasttNameTest" time="5.561" classname="application.TourTest"/>
  <testcase name="bookTourwithoutConfirmEmailTest" time="4.487" classname="application.TourTest"/>
  <testcase name="bookTourwithoutFirstNameTest" time="7.332" classname="application.TourTest"/>
  <testcase name="bookTourwithInvalidEmailTest" time="4.394" classname="application.TourTest"/>
  <testcase name="bookTourwithWrongConfirmEmailTest" time="3.956" classname="application.TourTest"/>
  <testcase name="bookTourSuccessfully" time="9.471" classname="application.TourTest"/>
  <testcase name="bookTourwithoutEmailTest" time="4.581" classname="application.TourTest"/>
</testsuite> <!-- application.TourTest -->
