<?xml version="1.0" encoding="UTF-8"?>
<!-- Generated by org.testng.reporters.JUnitReportReporter -->
<testsuite hostname="DESKTOP-2NB5M8O" name="application.HotelBookingTest" tests="3" failures="0" timestamp="31 Aug 2019 12:40:31 GMT" time="46.896" errors="0">
  <testcase name="bookHotel" time="4.635" classname="application.HotelBookingTest"/>
  <testcase name="searchHotel" time="38.166" classname="application.HotelBookingTest"/>
  <testcase name="selectHotel" time="4.095" classname="application.HotelBookingTest"/>
</testsuite> <!-- application.HotelBookingTest -->
